{"C:\\Users\\savio\\Documents\\Projects\\fluentsql-jest-tdd\\src\\fluentSQl.js": {"path":"C:\\Users\\savio\\Documents\\Projects\\fluentsql-jest-tdd\\src\\fluentSQl.js","all":false,"statementMap":{"0":{"start":{"line":1,"column":0},"end":{"line":1,"column":39}},"1":{"start":{"line":2,"column":0},"end":{"line":2,"column":18}},"2":{"start":{"line":3,"column":0},"end":{"line":3,"column":14}},"3":{"start":{"line":4,"column":0},"end":{"line":4,"column":16}},"4":{"start":{"line":5,"column":0},"end":{"line":5,"column":15}},"5":{"start":{"line":6,"column":0},"end":{"line":6,"column":12}},"6":{"start":{"line":7,"column":0},"end":{"line":7,"column":31}},"7":{"start":{"line":8,"column":0},"end":{"line":8,"column":33}},"8":{"start":{"line":9,"column":0},"end":{"line":9,"column":5}},"9":{"start":{"line":10,"column":0},"end":{"line":10,"column":0}},"10":{"start":{"line":11,"column":0},"end":{"line":11,"column":26}},"11":{"start":{"line":12,"column":0},"end":{"line":12,"column":49}},"12":{"start":{"line":13,"column":0},"end":{"line":13,"column":5}},"13":{"start":{"line":14,"column":0},"end":{"line":14,"column":0}},"14":{"start":{"line":15,"column":0},"end":{"line":15,"column":16}},"15":{"start":{"line":16,"column":0},"end":{"line":16,"column":25}},"16":{"start":{"line":17,"column":0},"end":{"line":17,"column":19}},"17":{"start":{"line":18,"column":0},"end":{"line":18,"column":5}},"18":{"start":{"line":19,"column":0},"end":{"line":19,"column":0}},"19":{"start":{"line":20,"column":0},"end":{"line":20,"column":19}},"20":{"start":{"line":21,"column":0},"end":{"line":21,"column":28}},"21":{"start":{"line":22,"column":0},"end":{"line":22,"column":19}},"22":{"start":{"line":23,"column":0},"end":{"line":23,"column":5}},"23":{"start":{"line":24,"column":0},"end":{"line":24,"column":0}},"24":{"start":{"line":25,"column":0},"end":{"line":25,"column":18}},"25":{"start":{"line":26,"column":0},"end":{"line":26,"column":60}},"26":{"start":{"line":27,"column":0},"end":{"line":27,"column":83}},"27":{"start":{"line":28,"column":0},"end":{"line":28,"column":59}},"28":{"start":{"line":29,"column":0},"end":{"line":29,"column":9}},"29":{"start":{"line":30,"column":0},"end":{"line":30,"column":19}},"30":{"start":{"line":31,"column":0},"end":{"line":31,"column":5}},"31":{"start":{"line":32,"column":0},"end":{"line":32,"column":0}},"32":{"start":{"line":33,"column":0},"end":{"line":33,"column":20}},"33":{"start":{"line":34,"column":0},"end":{"line":34,"column":29}},"34":{"start":{"line":35,"column":0},"end":{"line":35,"column":19}},"35":{"start":{"line":36,"column":0},"end":{"line":36,"column":5}},"36":{"start":{"line":37,"column":0},"end":{"line":37,"column":0}},"37":{"start":{"line":38,"column":0},"end":{"line":38,"column":28}},"38":{"start":{"line":39,"column":0},"end":{"line":39,"column":60}},"39":{"start":{"line":40,"column":0},"end":{"line":40,"column":5}},"40":{"start":{"line":41,"column":0},"end":{"line":41,"column":0}},"41":{"start":{"line":42,"column":0},"end":{"line":42,"column":25}},"42":{"start":{"line":43,"column":0},"end":{"line":43,"column":53}},"43":{"start":{"line":44,"column":0},"end":{"line":44,"column":54}},"44":{"start":{"line":45,"column":0},"end":{"line":45,"column":9}},"45":{"start":{"line":46,"column":0},"end":{"line":46,"column":19}},"46":{"start":{"line":47,"column":0},"end":{"line":47,"column":5}},"47":{"start":{"line":48,"column":0},"end":{"line":48,"column":0}},"48":{"start":{"line":49,"column":0},"end":{"line":49,"column":26}},"49":{"start":{"line":50,"column":0},"end":{"line":50,"column":30}},"50":{"start":{"line":51,"column":0},"end":{"line":51,"column":58}},"51":{"start":{"line":52,"column":0},"end":{"line":52,"column":76}},"52":{"start":{"line":53,"column":0},"end":{"line":53,"column":36}},"53":{"start":{"line":54,"column":0},"end":{"line":54,"column":9}},"54":{"start":{"line":55,"column":0},"end":{"line":55,"column":26}},"55":{"start":{"line":56,"column":0},"end":{"line":56,"column":5}},"56":{"start":{"line":57,"column":0},"end":{"line":57,"column":0}},"57":{"start":{"line":58,"column":0},"end":{"line":58,"column":30}},"58":{"start":{"line":59,"column":0},"end":{"line":59,"column":42}},"59":{"start":{"line":60,"column":0},"end":{"line":60,"column":0}},"60":{"start":{"line":61,"column":0},"end":{"line":61,"column":45}},"61":{"start":{"line":62,"column":0},"end":{"line":62,"column":73}},"62":{"start":{"line":63,"column":0},"end":{"line":63,"column":10}},"63":{"start":{"line":64,"column":0},"end":{"line":64,"column":5}},"64":{"start":{"line":65,"column":0},"end":{"line":65,"column":0}},"65":{"start":{"line":66,"column":0},"end":{"line":66,"column":13}},"66":{"start":{"line":67,"column":0},"end":{"line":67,"column":26}},"67":{"start":{"line":68,"column":0},"end":{"line":68,"column":44}},"68":{"start":{"line":69,"column":0},"end":{"line":69,"column":50}},"69":{"start":{"line":70,"column":0},"end":{"line":70,"column":51}},"70":{"start":{"line":71,"column":0},"end":{"line":71,"column":57}},"71":{"start":{"line":72,"column":0},"end":{"line":72,"column":37}},"72":{"start":{"line":73,"column":0},"end":{"line":73,"column":9}},"73":{"start":{"line":74,"column":0},"end":{"line":74,"column":57}},"74":{"start":{"line":75,"column":0},"end":{"line":75,"column":26}},"75":{"start":{"line":76,"column":0},"end":{"line":76,"column":5}},"76":{"start":{"line":77,"column":0},"end":{"line":77,"column":1}}},"s":{"0":1,"1":8,"2":8,"3":8,"4":1,"5":1,"6":7,"7":7,"8":7,"9":1,"10":1,"11":1,"12":2,"13":2,"14":2,"15":2,"16":1,"17":3,"18":3,"19":3,"20":3,"21":3,"22":3,"23":3,"24":3,"25":3,"26":3,"27":1,"28":1,"29":1,"30":1,"31":1,"32":1,"33":1,"34":1,"35":1,"36":1,"37":1,"38":11,"39":11,"40":11,"41":11,"42":1,"43":10,"44":10,"45":10,"46":10,"47":10,"48":10,"49":30,"50":30,"51":1,"52":6,"53":6,"54":6,"55":2,"56":2,"57":2,"58":1,"59":1,"60":1,"61":6,"62":6,"63":12,"64":12,"65":12,"66":12,"67":12,"68":12,"69":10,"70":6,"71":6,"72":6,"73":1,"74":1,"75":1,"76":1},"branchMap":{"0":{"type":"branch","line":1,"loc":{"start":{"line":1,"column":0},"end":{"line":1,"column":38}},"locations":[{"start":{"line":1,"column":0},"end":{"line":1,"column":38}}]},"1":{"type":"branch","line":1,"loc":{"start":{"line":1,"column":21},"end":{"line":5,"column":5}},"locations":[{"start":{"line":1,"column":21},"end":{"line":5,"column":5}}]},"2":{"type":"branch","line":6,"loc":{"start":{"line":6,"column":5},"end":{"line":9,"column":5}},"locations":[{"start":{"line":6,"column":5},"end":{"line":9,"column":5}}]},"3":{"type":"branch","line":11,"loc":{"start":{"line":11,"column":14},"end":{"line":12,"column":36}},"locations":[{"start":{"line":11,"column":14},"end":{"line":12,"column":36}}]},"4":{"type":"branch","line":12,"loc":{"start":{"line":12,"column":38},"end":{"line":16,"column":25}},"locations":[{"start":{"line":12,"column":38},"end":{"line":16,"column":25}}]},"5":{"type":"branch","line":17,"loc":{"start":{"line":17,"column":8},"end":{"line":28,"column":24}},"locations":[{"start":{"line":17,"column":8},"end":{"line":28,"column":24}}]},"6":{"type":"branch","line":26,"loc":{"start":{"line":26,"column":20},"end":{"line":26,"column":36}},"locations":[{"start":{"line":26,"column":20},"end":{"line":26,"column":36}}]},"7":{"type":"branch","line":26,"loc":{"start":{"line":26,"column":26},"end":{"line":26,"column":51}},"locations":[{"start":{"line":26,"column":26},"end":{"line":26,"column":51}}]},"8":{"type":"branch","line":34,"loc":{"start":{"line":34,"column":14},"end":{"line":35,"column":15}},"locations":[{"start":{"line":34,"column":14},"end":{"line":35,"column":15}}]},"9":{"type":"branch","line":38,"loc":{"start":{"line":38,"column":5},"end":{"line":43,"column":44}},"locations":[{"start":{"line":38,"column":5},"end":{"line":43,"column":44}}]},"10":{"type":"branch","line":43,"loc":{"start":{"line":43,"column":13},"end":{"line":43,"column":29}},"locations":[{"start":{"line":43,"column":13},"end":{"line":43,"column":29}}]},"11":{"type":"branch","line":43,"loc":{"start":{"line":43,"column":29},"end":{"line":43,"column":44}},"locations":[{"start":{"line":43,"column":29},"end":{"line":43,"column":44}}]},"12":{"type":"branch","line":43,"loc":{"start":{"line":43,"column":45},"end":{"line":52,"column":62}},"locations":[{"start":{"line":43,"column":45},"end":{"line":52,"column":62}}]},"13":{"type":"branch","line":49,"loc":{"start":{"line":49,"column":19},"end":{"line":52,"column":29}},"locations":[{"start":{"line":49,"column":19},"end":{"line":52,"column":29}}]},"14":{"type":"branch","line":50,"loc":{"start":{"line":50,"column":28},"end":{"line":51,"column":35}},"locations":[{"start":{"line":50,"column":28},"end":{"line":51,"column":35}}]},"15":{"type":"branch","line":51,"loc":{"start":{"line":51,"column":8},"end":{"line":51,"column":41}},"locations":[{"start":{"line":51,"column":8},"end":{"line":51,"column":41}}]},"16":{"type":"branch","line":51,"loc":{"start":{"line":51,"column":41},"end":{"line":52,"column":29}},"locations":[{"start":{"line":51,"column":41},"end":{"line":52,"column":29}}]},"17":{"type":"branch","line":52,"loc":{"start":{"line":52,"column":53},"end":{"line":61,"column":44}},"locations":[{"start":{"line":52,"column":53},"end":{"line":61,"column":44}}]},"18":{"type":"branch","line":55,"loc":{"start":{"line":55,"column":-2},"end":{"line":55,"column":15}},"locations":[{"start":{"line":55,"column":-2},"end":{"line":55,"column":15}}]},"19":{"type":"branch","line":55,"loc":{"start":{"line":55,"column":8},"end":{"line":61,"column":44}},"locations":[{"start":{"line":55,"column":8},"end":{"line":61,"column":44}}]},"20":{"type":"branch","line":58,"loc":{"start":{"line":58,"column":5},"end":{"line":61,"column":35}},"locations":[{"start":{"line":58,"column":5},"end":{"line":61,"column":35}}]},"21":{"type":"branch","line":61,"loc":{"start":{"line":61,"column":28},"end":{"line":73,"column":9}},"locations":[{"start":{"line":61,"column":28},"end":{"line":73,"column":9}}]},"22":{"type":"branch","line":63,"loc":{"start":{"line":63,"column":9},"end":{"line":71,"column":18}},"locations":[{"start":{"line":63,"column":9},"end":{"line":71,"column":18}}]},"23":{"type":"branch","line":67,"loc":{"start":{"line":67,"column":14},"end":{"line":67,"column":26}},"locations":[{"start":{"line":67,"column":14},"end":{"line":67,"column":26}}]},"24":{"type":"branch","line":67,"loc":{"start":{"line":67,"column":8},"end":{"line":68,"column":43}},"locations":[{"start":{"line":67,"column":8},"end":{"line":68,"column":43}}]},"25":{"type":"branch","line":68,"loc":{"start":{"line":68,"column":33},"end":{"line":69,"column":16}},"locations":[{"start":{"line":68,"column":33},"end":{"line":69,"column":16}}]},"26":{"type":"branch","line":69,"loc":{"start":{"line":69,"column":12},"end":{"line":71,"column":18}},"locations":[{"start":{"line":69,"column":12},"end":{"line":71,"column":18}}]}},"b":{"0":[8],"1":[8],"2":[7],"3":[2],"4":[2],"5":[3],"6":[2],"7":[1],"8":[4],"9":[11],"10":[1],"11":[10],"12":[10],"13":[30],"14":[9],"15":[3],"16":[27],"17":[6],"18":[4],"19":[2],"20":[1],"21":[6],"22":[12],"23":[1],"24":[11],"25":[1],"26":[10]},"fnMap":{"0":{"name":"<instance_members_initializer>","decl":{"start":{"line":1,"column":0},"end":{"line":1,"column":38}},"loc":{"start":{"line":1,"column":0},"end":{"line":1,"column":38}},"line":1},"1":{"name":"FluentSQLBuilder","decl":{"start":{"line":1,"column":21},"end":{"line":5,"column":5}},"loc":{"start":{"line":1,"column":21},"end":{"line":5,"column":5}},"line":1},"2":{"name":"for","decl":{"start":{"line":6,"column":5},"end":{"line":9,"column":5}},"loc":{"start":{"line":6,"column":5},"end":{"line":9,"column":5}},"line":6},"3":{"name":"limit","decl":{"start":{"line":11,"column":14},"end":{"line":12,"column":36}},"loc":{"start":{"line":11,"column":14},"end":{"line":12,"column":36}},"line":11},"4":{"name":"select","decl":{"start":{"line":12,"column":38},"end":{"line":16,"column":25}},"loc":{"start":{"line":12,"column":38},"end":{"line":16,"column":25}},"line":12},"5":{"name":"where","decl":{"start":{"line":17,"column":8},"end":{"line":28,"column":24}},"loc":{"start":{"line":17,"column":8},"end":{"line":28,"column":24}},"line":17},"6":{"name":"#performWhere","decl":{"start":{"line":38,"column":5},"end":{"line":43,"column":44}},"loc":{"start":{"line":38,"column":5},"end":{"line":43,"column":44}},"line":38},"7":{"name":"#performSelect","decl":{"start":{"line":43,"column":45},"end":{"line":52,"column":62}},"loc":{"start":{"line":43,"column":45},"end":{"line":52,"column":62}},"line":43},"8":{"name":"#performOrderBy","decl":{"start":{"line":52,"column":53},"end":{"line":61,"column":44}},"loc":{"start":{"line":52,"column":53},"end":{"line":61,"column":44}},"line":52},"9":{"name":"build","decl":{"start":{"line":61,"column":28},"end":{"line":73,"column":9}},"loc":{"start":{"line":61,"column":28},"end":{"line":73,"column":9}},"line":61}},"f":{"0":8,"1":8,"2":7,"3":2,"4":2,"5":3,"6":11,"7":10,"8":6,"9":6}}
}
