TN:
SF:src\fluentSQl.js
FN:1,<instance_members_initializer>
FN:1,FluentSQLBuilder
FN:6,for
FN:11,limit
FN:12,select
FN:17,where
FN:38,#performWhere
FN:43,#performSelect
FN:52,#performOrderBy
FN:61,build
FNF:10
FNH:10
FNDA:8,<instance_members_initializer>
FNDA:8,FluentSQLBuilder
FNDA:7,for
FNDA:2,limit
FNDA:2,select
FNDA:3,where
FNDA:11,#performWhere
FNDA:10,#performSelect
FNDA:6,#performOrderBy
FNDA:6,build
DA:1,1
DA:2,8
DA:3,8
DA:4,8
DA:5,1
DA:6,1
DA:7,7
DA:8,7
DA:9,7
DA:10,1
DA:11,1
DA:12,1
DA:13,2
DA:14,2
DA:15,2
DA:16,2
DA:17,1
DA:18,3
DA:19,3
DA:20,3
DA:21,3
DA:22,3
DA:23,3
DA:24,3
DA:25,3
DA:26,3
DA:27,3
DA:28,1
DA:29,1
DA:30,1
DA:31,1
DA:32,1
DA:33,1
DA:34,1
DA:35,1
DA:36,1
DA:37,1
DA:38,1
DA:39,11
DA:40,11
DA:41,11
DA:42,11
DA:43,1
DA:44,10
DA:45,10
DA:46,10
DA:47,10
DA:48,10
DA:49,10
DA:50,30
DA:51,30
DA:52,1
DA:53,6
DA:54,6
DA:55,6
DA:56,2
DA:57,2
DA:58,2
DA:59,1
DA:60,1
DA:61,1
DA:62,6
DA:63,6
DA:64,12
DA:65,12
DA:66,12
DA:67,12
DA:68,12
DA:69,12
DA:70,10
DA:71,6
DA:72,6
DA:73,6
DA:74,1
DA:75,1
DA:76,1
DA:77,1
LF:77
LH:77
BRDA:1,0,0,8
BRDA:1,1,0,8
BRDA:6,2,0,7
BRDA:11,3,0,2
BRDA:12,4,0,2
BRDA:17,5,0,3
BRDA:26,6,0,2
BRDA:26,7,0,1
BRDA:34,8,0,4
BRDA:38,9,0,11
BRDA:43,10,0,1
BRDA:43,11,0,10
BRDA:43,12,0,10
BRDA:49,13,0,30
BRDA:50,14,0,9
BRDA:51,15,0,3
BRDA:51,16,0,27
BRDA:52,17,0,6
BRDA:55,18,0,4
BRDA:55,19,0,2
BRDA:58,20,0,1
BRDA:61,21,0,6
BRDA:63,22,0,12
BRDA:67,23,0,1
BRDA:67,24,0,11
BRDA:68,25,0,1
BRDA:69,26,0,10
BRF:27
BRH:27
end_of_record
